* installing *source* package 'Analyzr' ...
** using staged installation
** R
** data
*** moving datasets to lazyload DB
** inst
** byte-compile and prepare package for lazy loading
Warning: package 'knitr' was built under R version 4.2.3
Warning: package 'VIM' was built under R version 4.2.3
Warning: package 'colorspace' was built under R version 4.2.3
Warning: package 'kableExtra' was built under R version 4.2.3
Warning: package 'dplyr' was built under R version 4.2.3
Installing package into 'C:/Users/gabri/Documents/Computing Project/Analyzr/vignettes/Analyzr.Rcheck/00LOCK-Analyzr/00new'
(as 'lib' is unspecified)
Error in contrib.url(repos, "source") : 
  trying to use CRAN without setting a mirror
Error: unable to load R code in package 'Analyzr'
Execution halted
ERROR: lazy loading failed for package 'Analyzr'
* removing 'C:/Users/gabri/DOCUME~1/COMPUT~1/Analyzr/VIGNET~1/ANALYZ~1.RCH/Analyzr'
